<?xml version="1.0" encoding="UTF-8"?>
<!-- Generated by org.testng.reporters.JUnitXMLReporter -->
<testsuite hostname="DESKTOP-TNE954T" name="Default test" tests="3" failures="0" timestamp="26 Oct 2022 09:06:28 GMT" time="3.121" errors="0">
  <testcase name="addBook" time="2.687" classname="org.postMan.DynamicJson"/>
  <testcase name="addBook" time="0.218" classname="org.postMan.DynamicJson"/>
  <testcase name="addBook" time="0.185" classname="org.postMan.DynamicJson"/>
</testsuite> <!-- Default test -->
